'use strict';

angular.module('buenOjoApp')
    .controller('RegisterController', function ($scope, $timeout, Auth) {
        $scope.success = null;
        $scope.error = null;
        $scope.doNotMatch = null;
        $scope.errorUserExists = null;
        $scope.registerAccount = {};
        $timeout(function (){angular.element('[ng-model="registerAccount.login"]').focus();});

        $scope.register = function () {
        	debugger;
            if ($scope.registerAccount.password !== $scope.confirmPassword) {
                $scope.doNotMatch = 'ERROR';
            } else {
                $scope.registerAccount.langKey =  'en' ;
                $scope.doNotMatch = null;
                $scope.error = null;
                $scope.errorUserExists = null;
                $scope.errorEmailExists = null;

                Auth.createAccount($scope.registerAccount).then(function (account) {
                    debugger;
                	$scope.success = 'OK';
                }).catch(function (response) {
                    $scope.success = null;
                    if (response.status === 400 && response.data === 'nombre de usuario existente') {
                    	$scope.errorUserExists = 'ERROR';
                    } else if (response.status === 400 && response.data === 'direcci&oacute;n de e-mail existente') {
                        $scope.errorEmailExists = 'ERROR';
                    } else {
                        $scope.error = 'ERROR';
                    }
                });
            }
        };
    });
